{"/Users/marc/Library/Mobile Documents/com~apple~CloudDocs/ynov/test-tp1/validator.js": {"path":"/Users/marc/Library/Mobile Documents/com~apple~CloudDocs/ynov/test-tp1/validator.js","statementMap":{"0":{"start":{"line":13,"column":8},"end":{"line":13,"column":23}},"1":{"start":{"line":14,"column":8},"end":{"line":14,"column":25}},"2":{"start":{"line":27,"column":4},"end":{"line":29,"column":5}},"3":{"start":{"line":28,"column":8},"end":{"line":28,"column":72}},"4":{"start":{"line":31,"column":18},"end":{"line":31,"column":28}},"5":{"start":{"line":32,"column":14},"end":{"line":32,"column":59}},"6":{"start":{"line":35,"column":8},"end":{"line":37,"column":51}},"7":{"start":{"line":39,"column":4},"end":{"line":39,"column":31}},"8":{"start":{"line":39,"column":25},"end":{"line":39,"column":31}},"9":{"start":{"line":41,"column":4},"end":{"line":43,"column":5}},"10":{"start":{"line":42,"column":8},"end":{"line":42,"column":74}},"11":{"start":{"line":45,"column":4},"end":{"line":45,"column":15}},"12":{"start":{"line":56,"column":4},"end":{"line":58,"column":5}},"13":{"start":{"line":57,"column":8},"end":{"line":57,"column":80}},"14":{"start":{"line":60,"column":4},"end":{"line":62,"column":5}},"15":{"start":{"line":61,"column":8},"end":{"line":61,"column":87}},"16":{"start":{"line":77,"column":4},"end":{"line":79,"column":5}},"17":{"start":{"line":78,"column":8},"end":{"line":78,"column":77}},"18":{"start":{"line":81,"column":4},"end":{"line":83,"column":5}},"19":{"start":{"line":82,"column":8},"end":{"line":82,"column":75}},"20":{"start":{"line":85,"column":22},"end":{"line":85,"column":47}},"21":{"start":{"line":87,"column":4},"end":{"line":89,"column":5}},"22":{"start":{"line":88,"column":8},"end":{"line":88,"column":80}},"23":{"start":{"line":100,"column":4},"end":{"line":102,"column":5}},"24":{"start":{"line":101,"column":8},"end":{"line":101,"column":74}},"25":{"start":{"line":104,"column":23},"end":{"line":104,"column":51}},"26":{"start":{"line":106,"column":4},"end":{"line":108,"column":5}},"27":{"start":{"line":107,"column":8},"end":{"line":107,"column":75}},"28":{"start":{"line":111,"column":0},"end":{"line":117,"column":2}}},"fnMap":{"0":{"name":"(anonymous_0)","decl":{"start":{"line":12,"column":4},"end":{"line":12,"column":5}},"loc":{"start":{"line":12,"column":31},"end":{"line":15,"column":5}},"line":12},"1":{"name":"validateAge","decl":{"start":{"line":26,"column":9},"end":{"line":26,"column":20}},"loc":{"start":{"line":26,"column":32},"end":{"line":46,"column":1}},"line":26},"2":{"name":"validatePostalCode","decl":{"start":{"line":55,"column":9},"end":{"line":55,"column":27}},"loc":{"start":{"line":55,"column":34},"end":{"line":63,"column":1}},"line":55},"3":{"name":"validateIdentity","decl":{"start":{"line":76,"column":9},"end":{"line":76,"column":25}},"loc":{"start":{"line":76,"column":33},"end":{"line":90,"column":1}},"line":76},"4":{"name":"validateEmail","decl":{"start":{"line":99,"column":9},"end":{"line":99,"column":22}},"loc":{"start":{"line":99,"column":30},"end":{"line":109,"column":1}},"line":99}},"branchMap":{"0":{"loc":{"start":{"line":27,"column":4},"end":{"line":29,"column":5}},"type":"if","locations":[{"start":{"line":27,"column":4},"end":{"line":29,"column":5}},{"start":{},"end":{}}],"line":27},"1":{"loc":{"start":{"line":27,"column":8},"end":{"line":27,"column":56}},"type":"binary-expr","locations":[{"start":{"line":27,"column":8},"end":{"line":27,"column":36}},{"start":{"line":27,"column":40},"end":{"line":27,"column":56}}],"line":27},"2":{"loc":{"start":{"line":35,"column":8},"end":{"line":37,"column":51}},"type":"binary-expr","locations":[{"start":{"line":35,"column":8},"end":{"line":35,"column":47}},{"start":{"line":36,"column":9},"end":{"line":36,"column":50}},{"start":{"line":37,"column":12},"end":{"line":37,"column":50}}],"line":35},"3":{"loc":{"start":{"line":39,"column":4},"end":{"line":39,"column":31}},"type":"if","locations":[{"start":{"line":39,"column":4},"end":{"line":39,"column":31}},{"start":{},"end":{}}],"line":39},"4":{"loc":{"start":{"line":41,"column":4},"end":{"line":43,"column":5}},"type":"if","locations":[{"start":{"line":41,"column":4},"end":{"line":43,"column":5}},{"start":{},"end":{}}],"line":41},"5":{"loc":{"start":{"line":56,"column":4},"end":{"line":58,"column":5}},"type":"if","locations":[{"start":{"line":56,"column":4},"end":{"line":58,"column":5}},{"start":{},"end":{}}],"line":56},"6":{"loc":{"start":{"line":60,"column":4},"end":{"line":62,"column":5}},"type":"if","locations":[{"start":{"line":60,"column":4},"end":{"line":62,"column":5}},{"start":{},"end":{}}],"line":60},"7":{"loc":{"start":{"line":77,"column":4},"end":{"line":79,"column":5}},"type":"if","locations":[{"start":{"line":77,"column":4},"end":{"line":79,"column":5}},{"start":{},"end":{}}],"line":77},"8":{"loc":{"start":{"line":81,"column":4},"end":{"line":83,"column":5}},"type":"if","locations":[{"start":{"line":81,"column":4},"end":{"line":83,"column":5}},{"start":{},"end":{}}],"line":81},"9":{"loc":{"start":{"line":87,"column":4},"end":{"line":89,"column":5}},"type":"if","locations":[{"start":{"line":87,"column":4},"end":{"line":89,"column":5}},{"start":{},"end":{}}],"line":87},"10":{"loc":{"start":{"line":100,"column":4},"end":{"line":102,"column":5}},"type":"if","locations":[{"start":{"line":100,"column":4},"end":{"line":102,"column":5}},{"start":{},"end":{}}],"line":100},"11":{"loc":{"start":{"line":106,"column":4},"end":{"line":108,"column":5}},"type":"if","locations":[{"start":{"line":106,"column":4},"end":{"line":108,"column":5}},{"start":{},"end":{}}],"line":106}},"s":{"0":11,"1":11,"2":5,"3":1,"4":4,"5":4,"6":4,"7":4,"8":2,"9":4,"10":2,"11":2,"12":4,"13":1,"14":3,"15":2,"16":4,"17":1,"18":3,"19":1,"20":2,"21":2,"22":1,"23":3,"24":1,"25":2,"26":2,"27":1,"28":1},"f":{"0":11,"1":5,"2":4,"3":4,"4":3},"b":{"0":[1,4],"1":[5,4],"2":[4,4,3],"3":[2,2],"4":[2,2],"5":[1,3],"6":[2,1],"7":[1,3],"8":[1,2],"9":[1,1],"10":[1,2],"11":[1,1]},"_coverageSchema":"1a1c01bbd47fc00a2c39e90264f33305004495a9","hash":"9d067fa401197b7fd670dbe8aad56dac6e6e92d9"}
}
