{"/Users/marc/Library/Mobile Documents/com~apple~CloudDocs/ynov/test-tp1/module.js": {"path":"/Users/marc/Library/Mobile Documents/com~apple~CloudDocs/ynov/test-tp1/module.js","statementMap":{"0":{"start":{"line":8,"column":19},"end":{"line":8,"column":59}},"1":{"start":{"line":9,"column":14},"end":{"line":9,"column":56}},"2":{"start":{"line":10,"column":4},"end":{"line":10,"column":15}},"3":{"start":{"line":13,"column":0},"end":{"line":13,"column":34}}},"fnMap":{"0":{"name":"calculateAge","decl":{"start":{"line":7,"column":9},"end":{"line":7,"column":21}},"loc":{"start":{"line":7,"column":25},"end":{"line":11,"column":1}},"line":7}},"branchMap":{},"s":{"0":4,"1":4,"2":4,"3":1},"f":{"0":4},"b":{},"_coverageSchema":"1a1c01bbd47fc00a2c39e90264f33305004495a9","hash":"eee5c8549dc8bd3ebb1d505d9db402b3e0d2f515"}
,"/Users/marc/Library/Mobile Documents/com~apple~CloudDocs/ynov/test-tp1/validator.js": {"path":"/Users/marc/Library/Mobile Documents/com~apple~CloudDocs/ynov/test-tp1/validator.js","statementMap":{"0":{"start":{"line":1,"column":25},"end":{"line":1,"column":44}},"1":{"start":{"line":15,"column":8},"end":{"line":15,"column":23}},"2":{"start":{"line":16,"column":8},"end":{"line":16,"column":25}},"3":{"start":{"line":29,"column":4},"end":{"line":31,"column":5}},"4":{"start":{"line":30,"column":8},"end":{"line":30,"column":72}},"5":{"start":{"line":33,"column":16},"end":{"line":33,"column":50}},"6":{"start":{"line":35,"column":4},"end":{"line":37,"column":5}},"7":{"start":{"line":36,"column":8},"end":{"line":36,"column":74}},"8":{"start":{"line":39,"column":4},"end":{"line":39,"column":15}},"9":{"start":{"line":50,"column":4},"end":{"line":52,"column":5}},"10":{"start":{"line":51,"column":8},"end":{"line":51,"column":80}},"11":{"start":{"line":54,"column":4},"end":{"line":56,"column":5}},"12":{"start":{"line":55,"column":8},"end":{"line":55,"column":87}},"13":{"start":{"line":71,"column":4},"end":{"line":73,"column":5}},"14":{"start":{"line":72,"column":8},"end":{"line":72,"column":77}},"15":{"start":{"line":75,"column":4},"end":{"line":77,"column":5}},"16":{"start":{"line":76,"column":8},"end":{"line":76,"column":75}},"17":{"start":{"line":79,"column":22},"end":{"line":79,"column":47}},"18":{"start":{"line":81,"column":4},"end":{"line":83,"column":5}},"19":{"start":{"line":82,"column":8},"end":{"line":82,"column":80}},"20":{"start":{"line":94,"column":4},"end":{"line":96,"column":5}},"21":{"start":{"line":95,"column":8},"end":{"line":95,"column":74}},"22":{"start":{"line":98,"column":23},"end":{"line":98,"column":51}},"23":{"start":{"line":100,"column":4},"end":{"line":102,"column":5}},"24":{"start":{"line":101,"column":8},"end":{"line":101,"column":75}},"25":{"start":{"line":105,"column":0},"end":{"line":111,"column":2}}},"fnMap":{"0":{"name":"(anonymous_0)","decl":{"start":{"line":14,"column":4},"end":{"line":14,"column":5}},"loc":{"start":{"line":14,"column":31},"end":{"line":17,"column":5}},"line":14},"1":{"name":"validateAge","decl":{"start":{"line":28,"column":9},"end":{"line":28,"column":20}},"loc":{"start":{"line":28,"column":32},"end":{"line":40,"column":1}},"line":28},"2":{"name":"validatePostalCode","decl":{"start":{"line":49,"column":9},"end":{"line":49,"column":27}},"loc":{"start":{"line":49,"column":34},"end":{"line":57,"column":1}},"line":49},"3":{"name":"validateIdentity","decl":{"start":{"line":70,"column":9},"end":{"line":70,"column":25}},"loc":{"start":{"line":70,"column":33},"end":{"line":84,"column":1}},"line":70},"4":{"name":"validateEmail","decl":{"start":{"line":93,"column":9},"end":{"line":93,"column":22}},"loc":{"start":{"line":93,"column":30},"end":{"line":103,"column":1}},"line":93}},"branchMap":{"0":{"loc":{"start":{"line":29,"column":4},"end":{"line":31,"column":5}},"type":"if","locations":[{"start":{"line":29,"column":4},"end":{"line":31,"column":5}},{"start":{},"end":{}}],"line":29},"1":{"loc":{"start":{"line":29,"column":8},"end":{"line":29,"column":56}},"type":"binary-expr","locations":[{"start":{"line":29,"column":8},"end":{"line":29,"column":36}},{"start":{"line":29,"column":40},"end":{"line":29,"column":56}}],"line":29},"2":{"loc":{"start":{"line":35,"column":4},"end":{"line":37,"column":5}},"type":"if","locations":[{"start":{"line":35,"column":4},"end":{"line":37,"column":5}},{"start":{},"end":{}}],"line":35},"3":{"loc":{"start":{"line":50,"column":4},"end":{"line":52,"column":5}},"type":"if","locations":[{"start":{"line":50,"column":4},"end":{"line":52,"column":5}},{"start":{},"end":{}}],"line":50},"4":{"loc":{"start":{"line":54,"column":4},"end":{"line":56,"column":5}},"type":"if","locations":[{"start":{"line":54,"column":4},"end":{"line":56,"column":5}},{"start":{},"end":{}}],"line":54},"5":{"loc":{"start":{"line":71,"column":4},"end":{"line":73,"column":5}},"type":"if","locations":[{"start":{"line":71,"column":4},"end":{"line":73,"column":5}},{"start":{},"end":{}}],"line":71},"6":{"loc":{"start":{"line":75,"column":4},"end":{"line":77,"column":5}},"type":"if","locations":[{"start":{"line":75,"column":4},"end":{"line":77,"column":5}},{"start":{},"end":{}}],"line":75},"7":{"loc":{"start":{"line":81,"column":4},"end":{"line":83,"column":5}},"type":"if","locations":[{"start":{"line":81,"column":4},"end":{"line":83,"column":5}},{"start":{},"end":{}}],"line":81},"8":{"loc":{"start":{"line":94,"column":4},"end":{"line":96,"column":5}},"type":"if","locations":[{"start":{"line":94,"column":4},"end":{"line":96,"column":5}},{"start":{},"end":{}}],"line":94},"9":{"loc":{"start":{"line":100,"column":4},"end":{"line":102,"column":5}},"type":"if","locations":[{"start":{"line":100,"column":4},"end":{"line":102,"column":5}},{"start":{},"end":{}}],"line":100}},"s":{"0":1,"1":11,"2":11,"3":5,"4":1,"5":4,"6":4,"7":2,"8":2,"9":4,"10":1,"11":3,"12":2,"13":4,"14":1,"15":3,"16":1,"17":2,"18":2,"19":1,"20":3,"21":1,"22":2,"23":2,"24":1,"25":1},"f":{"0":11,"1":5,"2":4,"3":4,"4":3},"b":{"0":[1,4],"1":[5,4],"2":[2,2],"3":[1,3],"4":[2,1],"5":[1,3],"6":[1,2],"7":[1,1],"8":[1,2],"9":[1,1]},"_coverageSchema":"1a1c01bbd47fc00a2c39e90264f33305004495a9","hash":"577ab14e271cd941f99de003a21bb7c3c68b3efd"}
}
