TN:
SF:module.js
FN:7,calculateAge
FNF:1
FNH:1
FNDA:4,calculateAge
DA:8,4
DA:9,4
DA:10,4
DA:13,1
LF:4
LH:4
BRF:0
BRH:0
end_of_record
TN:
SF:validator.js
FN:14,(anonymous_0)
FN:28,validateAge
FN:49,validatePostalCode
FN:70,validateIdentity
FN:93,validateEmail
FNF:5
FNH:5
FNDA:11,(anonymous_0)
FNDA:5,validateAge
FNDA:4,validatePostalCode
FNDA:4,validateIdentity
FNDA:3,validateEmail
DA:1,1
DA:15,11
DA:16,11
DA:29,5
DA:30,1
DA:33,4
DA:35,4
DA:36,2
DA:39,2
DA:50,4
DA:51,1
DA:54,3
DA:55,2
DA:71,4
DA:72,1
DA:75,3
DA:76,1
DA:79,2
DA:81,2
DA:82,1
DA:94,3
DA:95,1
DA:98,2
DA:100,2
DA:101,1
DA:105,1
LF:26
LH:26
BRDA:29,0,0,1
BRDA:29,0,1,4
BRDA:29,1,0,5
BRDA:29,1,1,4
BRDA:35,2,0,2
BRDA:35,2,1,2
BRDA:50,3,0,1
BRDA:50,3,1,3
BRDA:54,4,0,2
BRDA:54,4,1,1
BRDA:71,5,0,1
BRDA:71,5,1,3
BRDA:75,6,0,1
BRDA:75,6,1,2
BRDA:81,7,0,1
BRDA:81,7,1,1
BRDA:94,8,0,1
BRDA:94,8,1,2
BRDA:100,9,0,1
BRDA:100,9,1,1
BRF:20
BRH:20
end_of_record
