TN:
SF:validator.js
FN:12,(anonymous_0)
FN:26,validateAge
FN:55,validatePostalCode
FN:76,validateIdentity
FN:99,validateEmail
FNF:5
FNH:5
FNDA:11,(anonymous_0)
FNDA:5,validateAge
FNDA:4,validatePostalCode
FNDA:4,validateIdentity
FNDA:3,validateEmail
DA:13,11
DA:14,11
DA:27,5
DA:28,1
DA:31,4
DA:32,4
DA:35,4
DA:39,4
DA:41,4
DA:42,2
DA:45,2
DA:56,4
DA:57,1
DA:60,3
DA:61,2
DA:77,4
DA:78,1
DA:81,3
DA:82,1
DA:85,2
DA:87,2
DA:88,1
DA:100,3
DA:101,1
DA:104,2
DA:106,2
DA:107,1
DA:111,1
LF:28
LH:28
BRDA:27,0,0,1
BRDA:27,0,1,4
BRDA:27,1,0,5
BRDA:27,1,1,4
BRDA:35,2,0,4
BRDA:35,2,1,4
BRDA:35,2,2,3
BRDA:39,3,0,2
BRDA:39,3,1,2
BRDA:41,4,0,2
BRDA:41,4,1,2
BRDA:56,5,0,1
BRDA:56,5,1,3
BRDA:60,6,0,2
BRDA:60,6,1,1
BRDA:77,7,0,1
BRDA:77,7,1,3
BRDA:81,8,0,1
BRDA:81,8,1,2
BRDA:87,9,0,1
BRDA:87,9,1,1
BRDA:100,10,0,1
BRDA:100,10,1,2
BRDA:106,11,0,1
BRDA:106,11,1,1
BRF:25
BRH:25
end_of_record
